<?xml version="1.0" encoding="UTF-8"?>
<!-- Generated by org.testng.reporters.JUnitReportReporter -->
<testsuite hostname="DESKTOP-9NNILNN" failures="0" tests="1" name="com.bigbasket.testcase.TC001_HomePageTest" time="9.223" errors="0" timestamp="2022-04-05T22:34:27 IST" skipped="0">
  <testcase classname="com.bigbasket.testcase.TC001_HomePageTest" name="searchItem" time="9.223"/>
  <system-out/>
</testsuite> <!-- com.bigbasket.testcase.TC001_HomePageTest -->
